<?xml version="1.0" encoding="UTF-8"?>
<!-- Generated by org.testng.reporters.JUnitXMLReporter -->
<testsuite ignored="1" hostname="DESKTOP-TDGDFPV" failures="2" tests="10" name="Test" time="65.785" errors="0" timestamp="2022-05-20T14:08:53 IST">
  <testcase classname="tests.ValidateAdminDashboard" name="checkBrokenLinks" time="1.807">
    <failure type="java.lang.AssertionError" message="null">
      <![CDATA[java.lang.AssertionError: null
at tests.ValidateAdminDashboard.checkBrokenLinks(ValidateAdminDashboard.java:50)
at java.base/java.util.ArrayList.forEach(ArrayList.java:1511)
... Removed 29 stack frames]]>
    </failure>
  </testcase> <!-- checkBrokenLinks -->
  <testcase classname="tests.ValidateAdminDashboard" name="openAddNewDoctor" time="1.248"/>
  <testcase classname="tests.ValidateAllHomePageLinks" name="checkAdminLogin" time="0.945">
    <failure type="java.lang.AssertionError" message="null">
      <![CDATA[java.lang.AssertionError: null
at tests.ValidateAllHomePageLinks.checkAdminLogin(ValidateAllHomePageLinks.java:56)
at java.base/java.util.ArrayList.forEach(ArrayList.java:1511)
... Removed 29 stack frames]]>
    </failure>
  </testcase> <!-- checkAdminLogin -->
  <testcase classname="tests.ValidateAllHomePageLinks" name="checkPatientloginPage" time="0.969"/>
  <testcase classname="tests.ValidateAllHomePageLinks" name="checkDoctorLogin" time="0.0">
    <skipped/>
  </testcase> <!-- checkDoctorLogin -->
  <testcase classname="tests.TC_Contact_001" name="alertPresent" time="0.009"/>
  <testcase classname="tests.TC_Contact_001" name="alertPresent" time="0.002"/>
  <testcase classname="tests.TC_Contact_001" name="alertPresent" time="0.007"/>
  <testcase classname="tests.TC_Contact_001" name="checkAlertMsg" time="0.009"/>
  <testcase classname="tests.TC_Contact_ErrorMsg" name="contactPage" time="0.202"/>
  <testcase classname="tests.ValidateAllHomePageLinks" name="checkContactUs" time="0.0">
    <ignored/>
  </testcase> <!-- checkContactUs -->
</testsuite> <!-- Test -->
