<?xml version="1.0" encoding="UTF-8"?>
<!-- Generated by org.testng.reporters.JUnitXMLReporter -->
<testsuite ignored="1" hostname="DESKTOP-TDGDFPV" failures="1" tests="10" name="TestOnFirefoxBrowser" time="120.244" errors="0" timestamp="2022-05-23T12:17:34 IST">
  <testcase classname="tests.TC_Contact_001" name="alertPresent" time="0.031"/>
  <testcase classname="tests.TC_Contact_001" name="alertPresent" time="0.006"/>
  <testcase classname="tests.TC_Contact_001" name="alertPresent" time="0.006"/>
  <testcase classname="tests.ValidateAdminDashboard" name="checkBrokenLinks" time="1.406">
    <failure type="java.lang.AssertionError" message="null">
      <![CDATA[java.lang.AssertionError: null
at tests.ValidateAdminDashboard.checkBrokenLinks(ValidateAdminDashboard.java:62)
at java.base/java.util.ArrayList.forEach(ArrayList.java:1511)
at java.base/java.util.concurrent.FutureTask.run(FutureTask.java:264)
at java.base/java.util.concurrent.ThreadPoolExecutor.runWorker(ThreadPoolExecutor.java:1136)
at java.base/java.util.concurrent.ThreadPoolExecutor$Worker.run(ThreadPoolExecutor.java:635)
at java.base/java.lang.Thread.run(Thread.java:833)
... Removed 20 stack frames]]>
    </failure>
  </testcase> <!-- checkBrokenLinks -->
  <testcase classname="tests.TC_Contact_ErrorMsg" name="contactPage" time="0.583"/>
  <testcase classname="tests.ValidateAdminDashboard" name="openAddNewDoctor" time="1.579"/>
  <testcase classname="tests.TC_Contact_001" name="checkAlertMsg" time="0.011"/>
  <testcase classname="tests.ValidateAllHomePageLinks" name="checkAdminLogin" time="1.302"/>
  <testcase classname="tests.ValidateAllHomePageLinks" name="checkPatientloginPage" time="1.084"/>
  <testcase classname="tests.ValidateAllHomePageLinks" name="checkDoctorLogin" time="1.273"/>
  <testcase classname="tests.ValidateAllHomePageLinks" name="checkContactUs" time="0.0">
    <ignored/>
  </testcase> <!-- checkContactUs -->
</testsuite> <!-- TestOnFirefoxBrowser -->
